Using pre-set license
Built from '2020.3/staging' branch; Version is '2020.3.16f1 (049d6eca3c44) revision 302446'; Using compiler version '192528614'; Build Type 'Release'
OS: 'Windows 10 Home; OS build 18363.1556; Version 1909; 64bit' Language: 'en' Physical Memory: 65430 MB
BatchMode: 1, IsHumanControllingUs: 0, StartBugReporterOnCrash: 0, Is64bit: 1, IsPro: 0

 COMMAND LINE ARGUMENTS:
D:\Unity\2020.3.16f1\Editor\Unity.exe
-adb2
-batchMode
-noUpm
-name
AssetImportWorker0
-projectPath
D:/Github/flurrE
-logFile
Logs/AssetImportWorker0.log
-srvPort
57575
Successfully changed project path to: D:/Github/flurrE
D:/Github/flurrE
Using Asset Import Pipeline V2.
Refreshing native plugins compatible for Editor in 34.48 ms, found 2 plugins.
Preloading 0 native plugins for Editor in 0.00 ms.
Initialize engine version: 2020.3.16f1 (049d6eca3c44)
[Subsystems] Discovering subsystems at path D:/Unity/2020.3.16f1/Editor/Data/Resources/UnitySubsystems
[Subsystems] Discovering subsystems at path D:/Github/flurrE/Assets
GfxDevice: creating device client; threaded=0
Direct3D:
    Version:  Direct3D 11.0 [level 11.1]
    Renderer: NVIDIA GeForce RTX 3070 (ID=0x2484)
    Vendor:   
    VRAM:     8043 MB
    Driver:   30.0.14.7111
Initialize mono
Mono path[0] = 'D:/Unity/2020.3.16f1/Editor/Data/Managed'
Mono path[1] = 'D:/Unity/2020.3.16f1/Editor/Data/MonoBleedingEdge/lib/mono/unityjit'
Mono config path = 'D:/Unity/2020.3.16f1/Editor/Data/MonoBleedingEdge/etc'
Using monoOptions --debugger-agent=transport=dt_socket,embedding=1,server=y,suspend=n,address=127.0.0.1:56176
Begin MonoManager ReloadAssembly
Registering precompiled unity dll's ...
Register platform support module: D:/Unity/2020.3.16f1/Editor/Data/PlaybackEngines/WindowsStandaloneSupport/UnityEditor.WindowsStandalone.Extensions.dll
Registered in 0.001003 seconds.
Native extension for WindowsStandalone target not found
Refreshing native plugins compatible for Editor in 34.13 ms, found 2 plugins.
Preloading 0 native plugins for Editor in 0.00 ms.
Mono: successfully reloaded assembly
- Completed reload, in  0.936 seconds
Domain Reload Profiling:
	ReloadAssembly (936ms)
		BeginReloadAssembly (54ms)
			ExecutionOrderSort (0ms)
			DisableScriptedObjects (0ms)
			BackupInstance (0ms)
			ReleaseScriptingObjects (0ms)
			CreateAndSetChildDomain (1ms)
		EndReloadAssembly (448ms)
			LoadAssemblies (53ms)
			RebuildTransferFunctionScriptingTraits (0ms)
			SetupTypeCache (165ms)
			ReleaseScriptCaches (0ms)
			RebuildScriptCaches (34ms)
			SetupLoadedEditorAssemblies (173ms)
				LogAssemblyErrors (0ms)
				InitializePlatformSupportModulesInManaged (4ms)
				SetLoadedEditorAssemblies (0ms)
				RefreshPlugins (34ms)
				BeforeProcessingInitializeOnLoad (10ms)
				ProcessInitializeOnLoadAttributes (91ms)
				ProcessInitializeOnLoadMethodAttributes (33ms)
				AfterProcessingInitializeOnLoad (0ms)
				EditorAssembliesLoaded (0ms)
			ExecutionOrderSort2 (0ms)
			AwakeInstancesAfterBackupRestoration (0ms)
Platform modules already initialized, skipping
Registering precompiled user dll's ...
Registered in 0.002507 seconds.
Begin MonoManager ReloadAssembly
Native extension for WindowsStandalone target not found
Refreshing native plugins compatible for Editor in 0.44 ms, found 2 plugins.
Preloading 0 native plugins for Editor in 0.00 ms.
Mono: successfully reloaded assembly
- Completed reload, in  1.160 seconds
Domain Reload Profiling:
	ReloadAssembly (1160ms)
		BeginReloadAssembly (165ms)
			ExecutionOrderSort (0ms)
			DisableScriptedObjects (6ms)
			BackupInstance (0ms)
			ReleaseScriptingObjects (0ms)
			CreateAndSetChildDomain (23ms)
		EndReloadAssembly (928ms)
			LoadAssemblies (90ms)
			RebuildTransferFunctionScriptingTraits (0ms)
			SetupTypeCache (290ms)
			ReleaseScriptCaches (1ms)
			RebuildScriptCaches (46ms)
			SetupLoadedEditorAssemblies (398ms)
				LogAssemblyErrors (0ms)
				InitializePlatformSupportModulesInManaged (5ms)
				SetLoadedEditorAssemblies (0ms)
				RefreshPlugins (0ms)
				BeforeProcessingInitializeOnLoad (52ms)
				ProcessInitializeOnLoadAttributes (331ms)
				ProcessInitializeOnLoadMethodAttributes (5ms)
				AfterProcessingInitializeOnLoad (2ms)
				EditorAssembliesLoaded (0ms)
			ExecutionOrderSort2 (0ms)
			AwakeInstancesAfterBackupRestoration (8ms)
Platform modules already initialized, skipping
========================================================================
Worker process is ready to serve import requests
Launched and connected shader compiler UnityShaderCompiler.exe after 0.36 seconds
Refreshing native plugins compatible for Editor in 0.47 ms, found 2 plugins.
Preloading 0 native plugins for Editor in 0.00 ms.
Unloading 1453 Unused Serialized files (Serialized files now loaded: 0)
System memory in use before: 66.2 MB.
System memory in use after: 66.3 MB.

Unloading 18 unused Assets to reduce memory usage. Loaded Objects now: 1885.
Total: 3.468400 ms (FindLiveObjects: 0.232700 ms CreateObjectMapping: 0.043200 ms MarkObjects: 3.102300 ms  DeleteObjects: 0.088900 ms)

AssetImportParameters requested are different than current active one (requested -> active):
  custom:framework-win-MediaFoundation: 216162199b28c13a410421893ffa2e32 -> 
  custom:video-decoder-ogg-theora: a1e56fd34408186e4bbccfd4996cb3dc -> 
  custom:container-muxer-webm: aa71ff27fc2769a1b78a27578f13a17b -> 
  custom:container-demuxer-webm: 4f35f7cbe854078d1ac9338744f61a02 -> 
  custom:container-demuxer-ogg: 62fdf1f143b41e24485cea50d1cbac27 -> 
  custom:video-encoder-webm-vp8: eb34c28f22e8b96e1ab97ce403110664 -> 
  custom:video-decoder-webm-vp8: 9c59270c3fd7afecdb556c50c9e8de78 -> 
  custom:audio-decoder-ogg-vorbis: bf7c407c2cedff20999df2af8eb42d56 -> 
  custom:audio-encoder-webm-vorbis: bf7c407c2cedff20999df2af8eb42d56 -> 
========================================================================
Received Import Request.
  path: Assets/rift 1.psd
  artifactKey: Guid(b90fd9d201d218047a616ccef8defc16) Importer(815301076,1909f56bfc062723c751e8b465ee728b)
Start importing Assets/rift 1.psd using Guid(b90fd9d201d218047a616ccef8defc16) Importer(815301076,1909f56bfc062723c751e8b465ee728b)  -> (artifact id: '2b768e523c6ec0128968d84724cf314a') in 0.098778 seconds 
  Import took 0.101429 seconds .

========================================================================
Received Import Request.
  Time since last request: 12.406548 seconds.
  path: Assets/Scences
  artifactKey: Guid(fe1acecd3bfdf41428568d19d817048d) Importer(815301076,1909f56bfc062723c751e8b465ee728b)
Start importing Assets/Scences using Guid(fe1acecd3bfdf41428568d19d817048d) Importer(815301076,1909f56bfc062723c751e8b465ee728b)  -> (artifact id: 'c1411b16beb8e3ee3b034bbb1eb1bfb8') in 0.013069 seconds 
  Import took 0.015722 seconds .

========================================================================
Received Import Request.
  Time since last request: 0.029925 seconds.
  path: Assets/Scences
  artifactKey: Guid(fe1acecd3bfdf41428568d19d817048d) Importer(815301076,1909f56bfc062723c751e8b465ee728b)
Start importing Assets/Scences using Guid(fe1acecd3bfdf41428568d19d817048d) Importer(815301076,1909f56bfc062723c751e8b465ee728b)  -> (artifact id: 'c1411b16beb8e3ee3b034bbb1eb1bfb8') in 0.001579 seconds 
  Import took 0.004007 seconds .

========================================================================
Received Import Request.
  Time since last request: 3.010495 seconds.
  path: Assets/Scences/main menu.unity
  artifactKey: Guid(c100033c23ac45b4abfcb7aee303d7ed) Importer(815301076,1909f56bfc062723c751e8b465ee728b)
Start importing Assets/Scences/main menu.unity using Guid(c100033c23ac45b4abfcb7aee303d7ed) Importer(815301076,1909f56bfc062723c751e8b465ee728b)  -> (artifact id: '6ba12c4dbc631b46403787d9b791c214') in 0.006200 seconds 
  Import took 0.008776 seconds .

========================================================================
Received Import Request.
  Time since last request: 7.118591 seconds.
  path: Assets/Scences/Forest.unity
  artifactKey: Guid(16dc91521cd46144599237ea0b71f3d9) Importer(815301076,1909f56bfc062723c751e8b465ee728b)
Start importing Assets/Scences/Forest.unity using Guid(16dc91521cd46144599237ea0b71f3d9) Importer(815301076,1909f56bfc062723c751e8b465ee728b)  -> (artifact id: '33320d5303c16b7a376528a4fb384c59') in 0.005847 seconds 
  Import took 0.008260 seconds .

========================================================================
Received Import Request.
  Time since last request: 76.807721 seconds.
  path: Assets/Scences/Scene.unity
  artifactKey: Guid(820ba7c467a9044f088ae1c06063723e) Importer(815301076,1909f56bfc062723c751e8b465ee728b)
Start importing Assets/Scences/Scene.unity using Guid(820ba7c467a9044f088ae1c06063723e) Importer(815301076,1909f56bfc062723c751e8b465ee728b)  -> (artifact id: '30bfd9146f4d47c8f9948647fbd7b178') in 0.005965 seconds 
  Import took 0.008672 seconds .

